{
  "RSpec": {
    "coverage": {
      "/Users/hweng/git/billing-ill/app/helpers/application_helper.rb": [
        null,
        1,
        null
      ],
      "/Users/hweng/git/billing-ill/app/controllers/funds_controller.rb": [
        null,
        null,
        null,
        null,
        null,
        1,
        1,
        1,
        null,
        1,
        2,
        2,
        null,
        null,
        1,
        1,
        null,
        null,
        1,
        5,
        null,
        5,
        2,
        null,
        3,
        null,
        null,
        null,
        1,
        null,
        1,
        5,
        2,
        null,
        3,
        null,
        null,
        null,
        1,
        null,
        1,
        10,
        null,
        null,
        1,
        6,
        null,
        null
      ],
      "/Users/hweng/git/billing-ill/app/controllers/application_controller.rb": [
        null,
        null,
        null,
        null,
        null,
        1,
        null,
        null,
        1,
        1,
        null,
        1,
        8,
        8,
        null,
        null,
        1,
        null,
        1,
        8,
        null,
        null,
        1,
        124,
        null,
        null,
        1,
        116,
        null,
        null,
        1,
        115,
        null,
        null,
        1,
        8,
        null,
        0,
        null,
        null,
        1,
        8,
        null,
        8,
        8,
        4,
        null,
        null,
        null,
        null
      ],
      "/Users/hweng/git/billing-ill/app/controllers/invoices_controller.rb": [
        null,
        null,
        null,
        null,
        null,
        1,
        1,
        1,
        1,
        1,
        null,
        1,
        2,
        2,
        null,
        null,
        1,
        2,
        null,
        null,
        1,
        5,
        null,
        5,
        2,
        null,
        3,
        null,
        null,
        null,
        1,
        5,
        5,
        5,
        null,
        null,
        1,
        5,
        2,
        2,
        null,
        3,
        null,
        null,
        null,
        1,
        2,
        2,
        2,
        null,
        null,
        1,
        6,
        6,
        null,
        6,
        6,
        null,
        null,
        1,
        null,
        1,
        null,
        1,
        1,
        1,
        1,
        0,
        null,
        null,
        null,
        null,
        null,
        null,
        null,
        null,
        1,
        1,
        1,
        null,
        null,
        1,
        1,
        1,
        null,
        null,
        1,
        1,
        1,
        null,
        null,
        1,
        3,
        null,
        3,
        3,
        null,
        3,
        null,
        3,
        null,
        null,
        1,
        3,
        null,
        3,
        3,
        null,
        null,
        1,
        null,
        1,
        10,
        null,
        null,
        1,
        11,
        null,
        null,
        1,
        19,
        null,
        null,
        1,
        4,
        4,
        4,
        null,
        null
      ],
      "/Users/hweng/git/billing-ill/app/controllers/patrons_controller.rb": [
        null,
        null,
        null,
        null,
        null,
        1,
        1,
        1,
        1,
        null,
        1,
        2,
        2,
        null,
        null,
        1,
        2,
        null,
        null,
        1,
        5,
        null,
        5,
        2,
        null,
        3,
        null,
        null,
        null,
        1,
        3,
        null,
        null,
        1,
        5,
        2,
        null,
        3,
        null,
        null,
        null,
        1,
        null,
        1,
        10,
        null,
        null,
        1,
        8,
        null,
        null,
        1,
        15,
        15,
        3780,
        null,
        null,
        null
      ],
      "/Users/hweng/git/billing-ill/app/controllers/recharges_controller.rb": [
        null,
        null,
        null,
        null,
        null,
        1,
        1,
        null,
        1,
        1,
        1,
        1,
        null,
        1,
        2,
        2,
        null,
        null,
        1,
        2,
        null,
        null,
        1,
        5,
        null,
        null,
        5,
        2,
        null,
        3,
        null,
        null,
        null,
        1,
        4,
        4,
        null,
        null,
        1,
        5,
        2,
        2,
        null,
        3,
        null,
        null,
        null,
        1,
        2,
        2,
        2,
        null,
        null,
        1,
        3,
        3,
        3,
        null,
        null,
        1,
        2,
        2,
        2,
        null,
        null,
        1,
        1,
        1,
        null,
        null,
        1,
        5,
        5,
        5,
        5,
        null,
        5,
        null,
        5,
        null,
        null,
        1,
        null,
        1,
        5,
        null,
        null,
        1,
        10,
        null,
        null,
        1,
        9,
        null,
        null,
        1,
        18,
        null,
        null
      ],
      "/Users/hweng/git/billing-ill/app/mailers/app_mailer.rb": [
        null,
        null,
        null,
        null,
        null,
        1,
        1,
        12,
        12,
        12,
        12,
        null,
        12,
        null,
        null,
        1,
        11,
        11,
        11,
        11,
        11,
        11,
        11,
        11,
        11,
        11,
        11,
        null,
        11,
        null,
        null,
        1,
        23,
        23,
        null,
        null
      ],
      "/Users/hweng/git/billing-ill/app/models/fund.rb": [
        null,
        null,
        null,
        null,
        null,
        1,
        1,
        null,
        1,
        1,
        1,
        1,
        null
      ],
      "/Users/hweng/git/billing-ill/app/models/invoice.rb": [
        null,
        null,
        null,
        null,
        null,
        1,
        1,
        null,
        1,
        null,
        null,
        null,
        null,
        1,
        1,
        1,
        1,
        1,
        1,
        null,
        1,
        1,
        1,
        1,
        1,
        1,
        1,
        1,
        1,
        1,
        1,
        1,
        null,
        null,
        1,
        6,
        null,
        6,
        3,
        3,
        null,
        3,
        null,
        null,
        null,
        1,
        9,
        null,
        9,
        null,
        3,
        null,
        6,
        null,
        null,
        null,
        1,
        15,
        null,
        null,
        1,
        86,
        null,
        null,
        1,
        9,
        null,
        null,
        null,
        null,
        null,
        null,
        1,
        5,
        5,
        null,
        5,
        null,
        null,
        1,
        5,
        5,
        null,
        5,
        null,
        null,
        1,
        5,
        5,
        null,
        5,
        null,
        null,
        1,
        15,
        15,
        null,
        15,
        null,
        null,
        1,
        10,
        10,
        10,
        null,
        10,
        null,
        null,
        1,
        5,
        5,
        5,
        5,
        5,
        null,
        5,
        null,
        null,
        1,
        5,
        null,
        5,
        5,
        5,
        5,
        null,
        5,
        null,
        5,
        1,
        1,
        1,
        null,
        1,
        null,
        5,
        null,
        null,
        1,
        5,
        5,
        null,
        5,
        5,
        5,
        null,
        5,
        1,
        1,
        1,
        1,
        null,
        1,
        1,
        null,
        null,
        5,
        null,
        null,
        1,
        5,
        5,
        5,
        5,
        5,
        null,
        5,
        1,
        1,
        1,
        1,
        null,
        1,
        1,
        null,
        null,
        5,
        null,
        null,
        1,
        6,
        6,
        null,
        null,
        1,
        1,
        null,
        null,
        1,
        15,
        null,
        null,
        1,
        3,
        null,
        null,
        1,
        2,
        2,
        null,
        null,
        1,
        2,
        2,
        null,
        null,
        1,
        2,
        2,
        2,
        2,
        2,
        2,
        2,
        2,
        2,
        2,
        null,
        2,
        null,
        null,
        1,
        8,
        null,
        null,
        1,
        2,
        null,
        null,
        1,
        2,
        null,
        null,
        1,
        2,
        null,
        null,
        1,
        12,
        null,
        null,
        1,
        4,
        null,
        null,
        1,
        16,
        16,
        null,
        16,
        1,
        null,
        16,
        null,
        null,
        1,
        16,
        16,
        null,
        16,
        1,
        null,
        16,
        null,
        null,
        1,
        5,
        5,
        null,
        5,
        1,
        1,
        null,
        5,
        null,
        null,
        null,
        null,
        null,
        null,
        1,
        9,
        null,
        null,
        1,
        3,
        3,
        3,
        null,
        3,
        null,
        3,
        null,
        null,
        1,
        3,
        3,
        3,
        null,
        3,
        null,
        3,
        null,
        null,
        1,
        3,
        3,
        3,
        null,
        3,
        null,
        3,
        null,
        null,
        1,
        9,
        9,
        null,
        null,
        null,
        null,
        null,
        null,
        null,
        1,
        15,
        null,
        null,
        1,
        15,
        null,
        null,
        1,
        22,
        null,
        null,
        1,
        12,
        null,
        null,
        1,
        12,
        null,
        null,
        1,
        19,
        null,
        null,
        1,
        105,
        null,
        null,
        1,
        1,
        1,
        null,
        1,
        1,
        1,
        1,
        1,
        1,
        null,
        1,
        1,
        1,
        null,
        1,
        1,
        1,
        1,
        1,
        1,
        1,
        1,
        null,
        null
      ],
      "/Users/hweng/git/billing-ill/app/models/patron.rb": [
        null,
        null,
        null,
        null,
        null,
        1,
        1,
        null,
        null,
        1,
        1,
        1,
        1,
        1,
        1,
        1,
        1,
        1,
        1,
        1,
        null
      ],
      "/Users/hweng/git/billing-ill/app/models/recharge.rb": [
        null,
        null,
        null,
        null,
        null,
        1,
        1,
        null,
        1,
        null,
        null,
        null,
        null,
        null,
        null,
        1,
        1,
        1,
        1,
        null,
        1,
        1,
        1,
        1,
        null,
        1,
        6,
        null,
        5,
        3,
        3,
        null,
        2,
        null,
        null,
        null,
        null,
        null,
        null,
        null,
        null,
        null,
        1,
        184,
        null,
        null,
        1,
        25,
        null,
        null,
        1,
        null,
        null,
        null,
        null,
        null,
        1,
        44,
        44,
        null,
        44,
        6,
        6,
        null,
        44,
        null,
        null,
        1,
        22,
        null,
        null,
        1,
        22,
        22,
        22,
        22,
        22,
        null,
        22,
        null,
        null,
        1,
        22,
        null,
        22,
        22,
        22,
        22,
        22,
        22,
        22,
        22,
        null,
        22,
        3,
        3,
        3,
        3,
        3,
        3,
        3,
        null,
        3,
        3,
        null,
        22,
        null,
        null,
        1,
        22,
        22,
        22,
        22,
        22,
        22,
        22,
        22,
        22,
        22,
        22,
        null,
        22,
        null,
        null,
        1,
        66,
        66,
        66,
        9,
        null,
        null,
        66,
        null,
        null,
        1,
        20,
        20,
        20,
        null,
        null,
        20,
        20,
        null,
        null,
        20,
        null,
        null,
        1,
        1,
        1,
        1,
        1,
        1,
        1,
        null,
        1,
        1,
        1,
        1,
        1,
        1,
        null,
        null,
        1,
        21,
        null,
        null,
        1,
        66,
        null,
        null,
        1,
        26,
        null,
        null,
        1,
        3,
        null,
        null,
        1,
        48,
        48,
        null,
        null,
        1,
        47,
        null,
        null
      ],
      "/Users/hweng/git/billing-ill/app/models/user.rb": [
        null,
        null,
        null,
        null,
        1,
        null,
        1,
        1,
        1,
        1,
        1,
        1,
        1,
        null,
        0,
        null,
        null,
        1,
        null,
        null,
        null,
        1,
        3,
        3,
        3,
        3,
        null,
        3,
        null,
        null,
        1,
        null,
        0,
        null,
        null,
        1,
        0,
        0,
        0,
        0,
        null,
        0,
        0,
        null,
        null,
        0,
        0,
        null,
        null,
        1,
        0,
        null,
        null,
        1,
        0,
        0,
        0,
        0,
        0,
        0,
        0,
        0,
        0,
        0,
        0,
        null,
        0,
        null,
        null,
        1,
        0,
        0,
        0,
        null,
        null,
        1,
        0,
        0,
        null,
        null,
        1,
        0,
        null,
        0,
        null,
        null
      ],
      "/Users/hweng/git/billing-ill/app/controllers/pages_controller.rb": [
        0,
        0,
        0,
        0
      ],
      "/Users/hweng/git/billing-ill/app/controllers/sessions_controller.rb": [
        0,
        0,
        0,
        0,
        0,
        0,
        0,
        0,
        0,
        0,
        0,
        0,
        0,
        0,
        0,
        0,
        0,
        0,
        0,
        0,
        0,
        0,
        0,
        0,
        0,
        0,
        0,
        0,
        0,
        0,
        0,
        0,
        0,
        0,
        0,
        0,
        0,
        0,
        0,
        0,
        0,
        0,
        0,
        0,
        0,
        0,
        0,
        0,
        0,
        0,
        0,
        0,
        0,
        0,
        0
      ],
      "/Users/hweng/git/billing-ill/app/controllers/ui_controller.rb": [
        0,
        0,
        0,
        0,
        0,
        0,
        0,
        0,
        0,
        0,
        0
      ],
      "/Users/hweng/git/billing-ill/app/controllers/users_controller.rb": [
        0,
        0,
        0,
        0,
        0,
        0
      ]
    },
    "timestamp": 1523999961
  }
}
